Using pre-set license
Built from '2020.3/staging' branch; Version is '2020.3.3f1 (76626098c1c4) revision 7758432'; Using compiler version '192528614'; Build Type 'Release'
OS: 'Windows 10 Home Single Language; OS build 19042.867; Version 2009; 64bit' Language: 'en' Physical Memory: 8026 MB
BatchMode: 1, IsHumanControllingUs: 0, StartBugReporterOnCrash: 0, Is64bit: 1, IsPro: 0

 COMMAND LINE ARGUMENTS:
C:\Program Files\Unity\Editor\2020.3.3f1\Editor\Unity.exe
-adb2
-batchMode
-noUpm
-name
AssetImportWorker0
-projectPath
D:/UnityProjekT/UnityRepositoryForTestingPurposes/DodgeEvadeForCelestialSpear
-logFile
Logs/AssetImportWorker0.log
-srvPort
53013
Successfully changed project path to: D:/UnityProjekT/UnityRepositoryForTestingPurposes/DodgeEvadeForCelestialSpear
D:/UnityProjekT/UnityRepositoryForTestingPurposes/DodgeEvadeForCelestialSpear
Using Asset Import Pipeline V2.
Refreshing native plugins compatible for Editor in 42.94 ms, found 1 plugins.
Preloading 0 native plugins for Editor in 0.00 ms.
Initialize engine version: 2020.3.3f1 (76626098c1c4)
[Subsystems] Discovering subsystems at path C:/Program Files/Unity/Editor/2020.3.3f1/Editor/Data/Resources/UnitySubsystems
[Subsystems] Discovering subsystems at path D:/UnityProjekT/UnityRepositoryForTestingPurposes/DodgeEvadeForCelestialSpear/Assets
GfxDevice: creating device client; threaded=0
Direct3D:
    Version:  Direct3D 11.0 [level 11.1]
    Renderer: NVIDIA GeForce GTX 1050 Ti (ID=0x1c8c)
    Vendor:   
    VRAM:     4021 MB
    Driver:   26.21.14.4587
Initialize mono
Mono path[0] = 'C:/Program Files/Unity/Editor/2020.3.3f1/Editor/Data/Managed'
Mono path[1] = 'C:/Program Files/Unity/Editor/2020.3.3f1/Editor/Data/MonoBleedingEdge/lib/mono/unityjit'
Mono config path = 'C:/Program Files/Unity/Editor/2020.3.3f1/Editor/Data/MonoBleedingEdge/etc'
Using monoOptions --debugger-agent=transport=dt_socket,embedding=1,server=y,suspend=n,address=127.0.0.1:56984
Begin MonoManager ReloadAssembly
Registering precompiled unity dll's ...
Register platform support module: C:/Program Files/Unity/Editor/2020.3.3f1/Editor/Data/PlaybackEngines/WebGLSupport/UnityEditor.WebGL.Extensions.dll
Register platform support module: C:/Program Files/Unity/Editor/2020.3.3f1/Editor/Data/PlaybackEngines/WindowsStandaloneSupport/UnityEditor.WindowsStandalone.Extensions.dll
Registered in 0.003132 seconds.
Native extension for WindowsStandalone target not found
Native extension for WebGL target not found
Refreshing native plugins compatible for Editor in 35.59 ms, found 1 plugins.
Preloading 0 native plugins for Editor in 0.00 ms.
Invoked RoslynAnalysisRunner static constructor.
RoslynAnalysisRunner will not be running.
RoslynAnalysisRunner has terminated.
Mono: successfully reloaded assembly
- Completed reload, in  1.420 seconds
Platform modules already initialized, skipping
Registering precompiled user dll's ...
Registered in 0.000760 seconds.
Begin MonoManager ReloadAssembly
Native extension for WindowsStandalone target not found
Native extension for WebGL target not found
Refreshing native plugins compatible for Editor in 39.40 ms, found 1 plugins.
Preloading 0 native plugins for Editor in 0.00 ms.
Invoked RoslynAnalysisRunner static constructor.
RoslynAnalysisRunner will not be running.
RoslynAnalysisRunner has terminated.
Mono: successfully reloaded assembly
- Completed reload, in  0.957 seconds
Platform modules already initialized, skipping
========================================================================
Worker process is ready to serve import requests
Launched and connected shader compiler UnityShaderCompiler.exe after 0.06 seconds
Refreshing native plugins compatible for Editor in 0.40 ms, found 1 plugins.
Preloading 0 native plugins for Editor in 0.00 ms.
Unloading 1808 Unused Serialized files (Serialized files now loaded: 0)
System memory in use before: 85.5 MB.
System memory in use after: 85.4 MB.

Unloading 24 unused Assets to reduce memory usage. Loaded Objects now: 2251.
Total: 2.385900 ms (FindLiveObjects: 0.180200 ms CreateObjectMapping: 0.065800 ms MarkObjects: 2.017900 ms  DeleteObjects: 0.121300 ms)

========================================================================
Received Import Request.
  path: Assets/Scripts
  artifactKey: Guid(38096d350aeb3c447b26b2a525c17e51) Importer(815301076,1909f56bfc062723c751e8b465ee728b)
Start importing Assets/Scripts using Guid(38096d350aeb3c447b26b2a525c17e51) Importer(815301076,1909f56bfc062723c751e8b465ee728b)  -> (artifact id: 'be5cb9039e53e2a8ba6362d8a461ced4') in 0.004400 seconds
  Import took 0.007048 seconds .

========================================================================
Received Import Request.
  Time since last request: 0.000346 seconds.
  path: Assets/Prefabs
  artifactKey: Guid(d92ee4529b531294bb5e2b3c78bbab81) Importer(815301076,1909f56bfc062723c751e8b465ee728b)
Start importing Assets/Prefabs using Guid(d92ee4529b531294bb5e2b3c78bbab81) Importer(815301076,1909f56bfc062723c751e8b465ee728b)  -> (artifact id: '97375e3726590f1f9038c765e46b5fc0') in 0.001730 seconds
  Import took 0.004395 seconds .

========================================================================
Received Import Request.
  Time since last request: 1.016567 seconds.
  path: Assets/Scripts/Player
  artifactKey: Guid(b36a2b0e9e7ac7840bee61ac6482bb60) Importer(815301076,1909f56bfc062723c751e8b465ee728b)
Start importing Assets/Scripts/Player using Guid(b36a2b0e9e7ac7840bee61ac6482bb60) Importer(815301076,1909f56bfc062723c751e8b465ee728b)  -> (artifact id: '8ceb19f0d192de9d94566a5514969c6e') in 0.002738 seconds
  Import took 0.007703 seconds .

========================================================================
Received Import Request.
  Time since last request: 9.591978 seconds.
  path: Assets/Scripts/Player/PlayerMovement.cs
  artifactKey: Guid(d0fc368a1610b06478ede5446e959f77) Importer(815301076,1909f56bfc062723c751e8b465ee728b)
Start importing Assets/Scripts/Player/PlayerMovement.cs using Guid(d0fc368a1610b06478ede5446e959f77) Importer(815301076,1909f56bfc062723c751e8b465ee728b)  -> (artifact id: 'a05e7419cf3959240348914cf47b7018') in 0.081428 seconds
  Import took 0.086393 seconds .

========================================================================
Received Prepare
Registering precompiled user dll's ...
Registered in 0.001067 seconds.
Begin MonoManager ReloadAssembly
Native extension for WindowsStandalone target not found
Native extension for WebGL target not found
Refreshing native plugins compatible for Editor in 0.43 ms, found 1 plugins.
Preloading 0 native plugins for Editor in 0.00 ms.
Invoked RoslynAnalysisRunner static constructor.
RoslynAnalysisRunner will not be running.
RoslynAnalysisRunner has terminated.
Mono: successfully reloaded assembly
- Completed reload, in  1.142 seconds
Platform modules already initialized, skipping
Refreshing native plugins compatible for Editor in 0.46 ms, found 1 plugins.
Preloading 0 native plugins for Editor in 0.00 ms.
Unloading 1804 Unused Serialized files (Serialized files now loaded: 0)
System memory in use before: 85.4 MB.
System memory in use after: 85.4 MB.

Unloading 12 unused Assets to reduce memory usage. Loaded Objects now: 2256.
Total: 2.551400 ms (FindLiveObjects: 0.195400 ms CreateObjectMapping: 0.076400 ms MarkObjects: 2.162500 ms  DeleteObjects: 0.116200 ms)

